e:\liubin\bezierimagedistortion_final\bezierimagedistortion_final\debug\uic\ui_bezierimagedistortion_final.h
e:\liubin\bezierimagedistortion_final\bezierimagedistortion_final\debug\rcc\qrc_bezierimagedistortion_final.cpp
e:\liubin\bezierimagedistortion_final\bezierimagedistortion_final\debug\moc\moc_bezierimagedistortion_final.cpp
e:\liubin\bezierimagedistortion_final\bezierimagedistortion_final\debug\vcpkg.applocal.log
e:\liubin\bezierimagedistortion_final\win32\debug\opencv_core343d.dll
e:\liubin\bezierimagedistortion_final\win32\debug\zlibd1.dll
e:\liubin\bezierimagedistortion_final\win32\debug\opencv_imgcodecs343d.dll
e:\liubin\bezierimagedistortion_final\win32\debug\opencv_imgproc343d.dll
e:\liubin\bezierimagedistortion_final\win32\debug\jpeg62.dll
e:\liubin\bezierimagedistortion_final\win32\debug\libpng16d.dll
e:\liubin\bezierimagedistortion_final\win32\debug\lzma.dll
e:\liubin\bezierimagedistortion_final\win32\debug\boost_system-vc141-mt-gd-x32-1_68.dll
e:\liubin\bezierimagedistortion_final\win32\debug\boost_thread-vc141-mt-gd-x32-1_68.dll
e:\liubin\bezierimagedistortion_final\win32\debug\boost_date_time-vc141-mt-gd-x32-1_68.dll
e:\liubin\bezierimagedistortion_final\win32\debug\opencv_videoio343d.dll
e:\liubin\bezierimagedistortion_final\win32\debug\opencv_highgui343d.dll
e:\liubin\bezierimagedistortion_final\bezierimagedistortion_final\debug\moc\moc_mmovepoint.cpp
e:\liubin\bezierimagedistortion_final\bezierimagedistortion_final\debug\qrc_bezierimagedistortion_final.obj
e:\liubin\bezierimagedistortion_final\bezierimagedistortion_final\debug\moc_bezierimagedistortion_final.obj
e:\liubin\bezierimagedistortion_final\bezierimagedistortion_final\debug\bezierimagedistortion_final.obj
e:\liubin\bezierimagedistortion_final\bezierimagedistortion_final\debug\main.obj
e:\liubin\bezierimagedistortion_final\bezierimagedistortion_final\debug\vc141.pdb
e:\liubin\bezierimagedistortion_final\bezierimagedistortion_final\debug\mmovepoint.obj
e:\liubin\bezierimagedistortion_final\bezierimagedistortion_final\debug\moc_mmovepoint.obj
e:\liubin\bezierimagedistortion_final\win32\debug\bezierimagedistortion_final.exe
e:\liubin\bezierimagedistortion_final\win32\debug\bezierimagedistortion_final.ilk
e:\liubin\bezierimagedistortion_final\win32\debug\bezierimagedistortion_final.pdb
e:\liubin\bezierimagedistortion_final\bezierimagedistortion_final\debug\\moc\moc_bezierimagedistortion_final.cpp
e:\liubin\bezierimagedistortion_final\bezierimagedistortion_final\debug\\moc\moc_mmovepoint.cpp
e:\liubin\bezierimagedistortion_final\bezierimagedistortion_final\debug\\rcc\qrc_bezierimagedistortion_final.cpp
e:\liubin\bezierimagedistortion_final\bezierimagedistortion_final\debug\\uic\ui_bezierimagedistortion_final.h
e:\liubin\bezierimagedistortion_final\bezierimagedistortion_final\debug\bezierim.b12702ad.tlog\bezierimagedistortion_final.write.1u.tlog
e:\liubin\bezierimagedistortion_final\bezierimagedistortion_final\debug\bezierim.b12702ad.tlog\cl.command.1.tlog
e:\liubin\bezierimagedistortion_final\bezierimagedistortion_final\debug\bezierim.b12702ad.tlog\cl.read.1.tlog
e:\liubin\bezierimagedistortion_final\bezierimagedistortion_final\debug\bezierim.b12702ad.tlog\cl.write.1.tlog
e:\liubin\bezierimagedistortion_final\bezierimagedistortion_final\debug\bezierim.b12702ad.tlog\link.command.1.tlog
e:\liubin\bezierimagedistortion_final\bezierimagedistortion_final\debug\bezierim.b12702ad.tlog\link.read.1.tlog
e:\liubin\bezierimagedistortion_final\bezierimagedistortion_final\debug\bezierim.b12702ad.tlog\link.write.1.tlog
e:\liubin\bezierimagedistortion_final\bezierimagedistortion_final\debug\bezierim.b12702ad.tlog\moc.read.1u.tlog
e:\liubin\bezierimagedistortion_final\bezierimagedistortion_final\debug\bezierim.b12702ad.tlog\moc.write.1u.tlog
e:\liubin\bezierimagedistortion_final\bezierimagedistortion_final\debug\bezierim.b12702ad.tlog\rcc.read.1u.tlog
e:\liubin\bezierimagedistortion_final\bezierimagedistortion_final\debug\bezierim.b12702ad.tlog\rcc.write.1u.tlog
e:\liubin\bezierimagedistortion_final\bezierimagedistortion_final\debug\bezierim.b12702ad.tlog\uic.read.1u.tlog
e:\liubin\bezierimagedistortion_final\bezierimagedistortion_final\debug\bezierim.b12702ad.tlog\uic.write.1u.tlog
